<?xml version="1.0" encoding="UTF-8" ?>
<testsuite errors="1" failures="0" hostname="levyvlan502.0046.wlan.wireless-resnet.upenn.edu" name="ExampleTest" skipped="0" tests="1" time="0.0" timestamp="2015-03-02T04:08:22">
  <properties>
    <property name="java.vendor" value="Apple Inc." />
    <property name="ant.file.SeniorDesign" value="/Users/administrator/CIS401/build.xml" />
    <property name="sun.java.launcher" value="SUN_STANDARD" />
    <property name="jikes.class.path" value=":/System/Library/Java/JavaVirtualMachines/1.6.0.jdk/Contents/Home/../Classes/alt-rt.jar:/System/Library/Java/JavaVirtualMachines/1.6.0.jdk/Contents/Home/../Classes/alt-string.jar:/System/Library/Java/JavaVirtualMachines/1.6.0.jdk/Contents/Home/../Classes/charsets.jar:/System/Library/Java/JavaVirtualMachines/1.6.0.jdk/Contents/Home/../Classes/classes.jar:/System/Library/Java/JavaVirtualMachines/1.6.0.jdk/Contents/Home/../Classes/dt.jar:/System/Library/Java/JavaVirtualMachines/1.6.0.jdk/Contents/Home/../Classes/jce.jar:/System/Library/Java/JavaVirtualMachines/1.6.0.jdk/Contents/Home/../Classes/jconsole.jar:/System/Library/Java/JavaVirtualMachines/1.6.0.jdk/Contents/Home/../Classes/jsse.jar:/System/Library/Java/JavaVirtualMachines/1.6.0.jdk/Contents/Home/../Classes/management-agent.jar:/System/Library/Java/JavaVirtualMachines/1.6.0.jdk/Contents/Home/../Classes/ui.jar" />
    <property name="sun.management.compiler" value="HotSpot 64-Bit Tiered Compilers" />
    <property name="os.name" value="Mac OS X" />
    <property name="sun.boot.class.path" value="/System/Library/Java/JavaVirtualMachines/1.6.0.jdk/Contents/Classes/jsfd.jar:/System/Library/Java/JavaVirtualMachines/1.6.0.jdk/Contents/Classes/classes.jar:/System/Library/Frameworks/JavaVM.framework/Frameworks/JavaRuntimeSupport.framework/Resources/Java/JavaRuntimeSupport.jar:/System/Library/Java/JavaVirtualMachines/1.6.0.jdk/Contents/Classes/ui.jar:/System/Library/Java/JavaVirtualMachines/1.6.0.jdk/Contents/Classes/laf.jar:/System/Library/Java/JavaVirtualMachines/1.6.0.jdk/Contents/Classes/sunrsasign.jar:/System/Library/Java/JavaVirtualMachines/1.6.0.jdk/Contents/Classes/jsse.jar:/System/Library/Java/JavaVirtualMachines/1.6.0.jdk/Contents/Classes/jce.jar:/System/Library/Java/JavaVirtualMachines/1.6.0.jdk/Contents/Classes/charsets.jar" />
    <property name="java.vm.specification.vendor" value="Sun Microsystems Inc." />
    <property name="ant.home" value="/usr/local/Cellar/ant/1.9.4/libexec" />
    <property name="java.runtime.version" value="1.6.0_65-b14-466.1-11M4716" />
    <property name="user.name" value="administrator" />
    <property name="awt.nativeDoubleBuffering" value="true" />
    <property name="user.language" value="en" />
    <property name="build" value="/Users/administrator/CIS401/bin" />
    <property name="sun.boot.library.path" value="/System/Library/Java/JavaVirtualMachines/1.6.0.jdk/Contents/Libraries" />
    <property name="ant.project.default-target" value="build" />
    <property name="ant.project.name" value="SeniorDesign" />
    <property name="java.version" value="1.6.0_65" />
    <property name="user.timezone" value="" />
    <property name="sun.arch.data.model" value="64" />
    <property name="http.nonProxyHosts" value="local|*.local|169.254/16|*.169.254/16" />
    <property name="java.endorsed.dirs" value="/System/Library/Java/JavaVirtualMachines/1.6.0.jdk/Contents/Home/lib/endorsed" />
    <property name="sun.cpu.isalist" value="" />
    <property name="sun.jnu.encoding" value="MacRoman" />
    <property name="file.encoding.pkg" value="sun.io" />
    <property name="file.separator" value="/" />
    <property name="java.specification.name" value="Java Platform API Specification" />
    <property name="java.class.version" value="50.0" />
    <property name="src" value="/Users/administrator/CIS401/src/orchestration" />
    <property name="user.country" value="US" />
    <property name="java.home" value="/System/Library/Java/JavaVirtualMachines/1.6.0.jdk/Contents/Home" />
    <property name="java.vm.info" value="mixed mode" />
    <property name="ant.file" value="/Users/administrator/CIS401/build.xml" />
    <property name="os.version" value="10.10.2" />
    <property name="path.separator" value=":" />
    <property name="java.vm.version" value="20.65-b04-466.1" />
    <property name="ant.library.dir" value="/usr/local/Cellar/ant/1.9.4/libexec/lib" />
    <property name="java.awt.printerjob" value="apple.awt.CPrinterJob" />
    <property name="sun.io.unicode.encoding" value="UnicodeLittle" />
    <property name="awt.toolkit" value="apple.awt.CToolkit" />
    <property name="socksNonProxyHosts" value="local|*.local|169.254/16|*.169.254/16" />
    <property name="ftp.nonProxyHosts" value="local|*.local|169.254/16|*.169.254/16" />
    <property name="user.home" value="/Users/administrator" />
    <property name="java.specification.vendor" value="Sun Microsystems Inc." />
    <property name="test" value="/Users/administrator/CIS401/src/test" />
    <property name="java.library.path" value=".:/Users/administrator/Library/Java/Extensions:/Library/Java/Extensions:/System/Library/Java/Extensions:/usr/lib/java" />
    <property name="java.vendor.url" value="http://www.apple.com/" />
    <property name="java.vm.vendor" value="Apple Inc." />
    <property name="gopherProxySet" value="false" />
    <property name="java.runtime.name" value="Java(TM) SE Runtime Environment" />
    <property name="sun.java.command" value="org.apache.tools.ant.taskdefs.optional.junit.JUnitTestRunner ExampleTest skipNonTests=false filtertrace=true haltOnError=false haltOnFailure=true formatter=org.apache.tools.ant.taskdefs.optional.junit.SummaryJUnitResultFormatter showoutput=false outputtoformatters=true logfailedtests=true threadid=0 logtestlistenerevents=false formatter=org.apache.tools.ant.taskdefs.optional.junit.PlainJUnitResultFormatter,/Users/administrator/CIS401/TEST-ExampleTest.txt formatter=org.apache.tools.ant.taskdefs.optional.junit.XMLJUnitResultFormatter,/Users/administrator/CIS401/TEST-ExampleTest.xml crashfile=/Users/administrator/CIS401/junitvmwatcher7171203644011227399.properties propsfile=/Users/administrator/CIS401/junit6767629107347088850.properties" />
    <property name="java.class.path" value="/Users/administrator/CIS401/lib/junit-4.10.jar:/Users/administrator/CIS401/lib/log4j-1.2.12.jar:/Users/administrator/CIS401/bin:/usr/local/Cellar/ant/1.9.4/libexec/lib/ant-launcher.jar:/usr/local/Cellar/ant/1.9.4/libexec/lib/ant.jar:/usr/local/Cellar/ant/1.9.4/libexec/lib/ant-junit.jar:/usr/local/Cellar/ant/1.9.4/libexec/lib/ant-junit4.jar" />
    <property name="ant.version" value="Apache Ant(TM) version 1.9.4 compiled on April 29 2014" />
    <property name="java.vm.specification.name" value="Java Virtual Machine Specification" />
    <property name="ant.file.type" value="file" />
    <property name="java.vm.specification.version" value="1.0" />
    <property name="sun.cpu.endian" value="little" />
    <property name="sun.os.patch.level" value="unknown" />
    <property name="java.io.tmpdir" value="/var/folders/rc/npn_h47n72gf8ng4nx5lcvwh0000gn/T/" />
    <property name="java.vendor.url.bug" value="http://bugreport.apple.com/" />
    <property name="mrj.build" value="11M4716" />
    <property name="os.arch" value="x86_64" />
    <property name="java.awt.graphicsenv" value="apple.awt.CGraphicsEnvironment" />
    <property name="java.ext.dirs" value="/Users/administrator/Library/Java/Extensions:/Library/Java/Extensions:/System/Library/Java/Extensions:/System/Library/Java/JavaVirtualMachines/1.6.0.jdk/Contents/Home/lib/ext" />
    <property name="mrj.version" value="1070.1.6.0_65-466.1" />
    <property name="user.dir" value="/Users/administrator/CIS401" />
    <property name="line.separator" value="&#xa;" />
    <property name="java.vm.name" value="Java HotSpot(TM) 64-Bit Server VM" />
    <property name="basedir" value="/Users/administrator/CIS401" />
    <property name="ant.java.version" value="1.6" />
    <property name="ant.core.lib" value="/usr/local/Cellar/ant/1.9.4/libexec/lib/ant.jar" />
    <property name="file.encoding" value="MacRoman" />
    <property name="ant.file.type.SeniorDesign" value="file" />
    <property name="java.specification.version" value="1.6" />
    <property name="ant.project.invoked-targets" value="test" />
  </properties>
  <error message="ExampleTest" type="java.lang.ClassNotFoundException">java.lang.ClassNotFoundException: ExampleTest
	at java.net.URLClassLoader$1.run(URLClassLoader.java:202)
	at java.security.AccessController.doPrivileged(Native Method)
	at java.net.URLClassLoader.findClass(URLClassLoader.java:190)
	at java.lang.ClassLoader.loadClass(ClassLoader.java:306)
	at sun.misc.Launcher$AppClassLoader.loadClass(Launcher.java:301)
	at java.lang.ClassLoader.loadClass(ClassLoader.java:247)
	at java.lang.Class.forName0(Native Method)
	at java.lang.Class.forName(Class.java:171)
</error>
  <system-out><![CDATA[]]></system-out>
  <system-err><![CDATA[]]></system-err>
</testsuite>
